This is pdfTeX, Version 3.1415926-2.4-1.40.13 (TeX Live 2012/Debian) (format=pdflatex 2015.1.28)  10 MAR 2015 01:40
entering extended mode
 restricted \write18 enabled.
 file:line:error style messages enabled.
 %&-line parsing enabled.
**tema_I_A.tex
(./tema_I_A.tex
LaTeX2e <2011/06/27>
Babel <v3.8m> and hyphenation patterns for english, dumylang, nohyphenation, lo
aded.

./tema_I_A.tex:2: LaTeX Error: Missing \begin{document}.

See the LaTeX manual or LaTeX Companion for explanation.
Type  H <return>  for immediate help.
 ...                                              
                                                  
l.2 L
     a ingeniería eléctrica y computacional está encargada de solucionar ...

? 
./tema_I_A.tex:2: Emergency stop.
 ...                                              
                                                  
l.2 L
     a ingeniería eléctrica y computacional está encargada de solucionar ...

You're in trouble here.  Try typing  <return>  to proceed.
If that doesn't work, type  X <return>  to quit.

 
Here is how much of TeX's memory you used:
 6 strings out of 495059
 270 string characters out of 3182030
 45057 words of memory out of 3000000
 3288 multiletter control sequences out of 15000+200000
 3640 words of font info for 14 fonts, out of 3000000 for 9000
 14 hyphenation exceptions out of 8191
 5i,0n,4p,99b,14s stack positions out of 5000i,500n,10000p,200000b,50000s
./tema_I_A.tex:2:  ==> Fatal error occurred, no output PDF file produced!
